<?xml version="1.0" encoding="UTF-8"?>
<testng-results skipped="0" failed="0" total="1" passed="1">
  <reporter-output>
  </reporter-output>
  <suite name="Default suite" duration-ms="11178" started-at="2016-06-25T20:54:25Z" finished-at="2016-06-25T20:54:36Z">
    <groups>
    </groups>
    <test name="Default test" duration-ms="11178" started-at="2016-06-25T20:54:25Z" finished-at="2016-06-25T20:54:36Z">
      <class name="SmokeTests.Test1">
        <test-method status="PASS" signature="setup()[pri:0, instance:SmokeTests.Test1@7907ec20]" name="setup" is-config="true" duration-ms="6984" started-at="2016-06-25T13:54:25Z" finished-at="2016-06-25T13:54:32Z">
          <reporter-output>
          </reporter-output>
        </test-method> <!-- setup -->
        <test-method status="PASS" signature="testAllLinks()[pri:0, instance:SmokeTests.Test1@7907ec20]" name="testAllLinks" duration-ms="4179" started-at="2016-06-25T13:54:32Z" finished-at="2016-06-25T13:54:36Z">
          <reporter-output>
          </reporter-output>
        </test-method> <!-- testAllLinks -->
      </class> <!-- SmokeTests.Test1 -->
    </test> <!-- Default test -->
  </suite> <!-- Default suite -->
</testng-results>
