<?xml version="1.0" encoding="UTF-8"?>
<testng-results skipped="0" failed="0" total="1" passed="1">
  <reporter-output>
  </reporter-output>
  <suite name="SmokeTests.ATest" duration-ms="5733" started-at="2016-07-10T01:02:54Z" finished-at="2016-07-10T01:03:00Z">
    <groups>
    </groups>
    <test name="Command line test" duration-ms="5733" started-at="2016-07-10T01:02:54Z" finished-at="2016-07-10T01:03:00Z">
      <class name="SmokeTests.ATest">
        <test-method status="PASS" signature="setup()[pri:0, instance:SmokeTests.ATest@67b64c45]" name="setup" is-config="true" duration-ms="5709" started-at="2016-07-09T18:02:54Z" finished-at="2016-07-09T18:03:00Z">
          <reporter-output>
          </reporter-output>
        </test-method> <!-- setup -->
        <test-method status="PASS" signature="testAllLinks()[pri:0, instance:SmokeTests.ATest@67b64c45]" name="testAllLinks" duration-ms="9" started-at="2016-07-09T18:03:00Z" finished-at="2016-07-09T18:03:00Z">
          <reporter-output>
          </reporter-output>
        </test-method> <!-- testAllLinks -->
      </class> <!-- SmokeTests.ATest -->
    </test> <!-- Command line test -->
  </suite> <!-- SmokeTests.ATest -->
</testng-results>
